==========================================
SLURM_JOB_ID = 5632339
Username = clare.morris
Group = 10513
SLURM_JOB_NODELIST = n270
==========================================
INFO:    Converting OCI blobs to SIF format
INFO:    Starting build...
Getting image source signatures
Copying blob sha256:a4a2a29f9ba48efd3d2075f395538b2eec56fb1bedfb7aecf5e54174446f9e2a
Copying blob sha256:127c9761dcbaa288abc58fc56437c2f2ffbe611b9f7f30e0b5b43cd348bb2094
Copying blob sha256:d13bf203e905463e64d89b14509aafa983fb8baf7c1931fe0a65652aeb6c838f
Copying blob sha256:4039240d2e0b4bcb42ccbce75bc54570e471ad81457478de35fbeef63536e9c0
Copying blob sha256:9703ac106ce0b2f616e622d46e3ef6c4b6f96d6eef74f8bf458396711aad7587
Copying blob sha256:11f9d6c8072aefb725e1017669fc4862c3699055128bd2d4d5227923da57920b
Copying blob sha256:9c85fc3ec2c1fe8c21b9d8c0d5348b8e5ffffeabb1bcbb1bdc2aff7d2f8f8948
Copying blob sha256:2b01fd9148c597fcc0cb400c1edb695917a888391ecf090d1437614f2d12f082
Copying blob sha256:e01fa30621474076963a09fedaca90a82a0e4d5c0b445d71593aed36d2537a07
Copying blob sha256:2a8ebf3160afc2c81ace049908c3ef6da705354495397c640ecdc60bcaea74dd
Copying blob sha256:b23ae9e30f8f0b628fa395838e751117a872206b54c9674ba545eeb4fc6feda1
Copying blob sha256:d1be46b5abfdf109c5552f6d21467f5a3db45bd6f911f5dab171d1d973c81a15
Copying blob sha256:aba48cf4c3fc026224fbb3d5b59a96f33bb70673a83beb8e00868d24971f0a33
Copying blob sha256:28362f88ed81d9ac0355a0aab5f331a2239495721c514554cd899ffe0b3fe5e7
Copying blob sha256:0a6835e1c6223f1eb304fe4cb05c58077a13dd738ad3e86f00d80e86a92bb8f8
Copying blob sha256:1dd4f713ddbe973041dd431b12cfe4e44a8620c23e8fd9a9b66da9f2850c2562
Copying blob sha256:8e8b85d7aaa6b9eb48a6d09f8ee695cb1e950f046e0066193502b64e80fe2966
Copying blob sha256:6ceb20ca98fc94bd3c0f2d6f8c73cccc43b98fb0499c930eff4e3ea12e02b67d
Copying blob sha256:2ffe95b5064d2529d15b664bdab77e966b9851436498d192e524b97669b4c3d1
Copying blob sha256:50eba95d1277b2d4eb3b697d6bb45b723e7e1c8ef3018e7b50109e430da19f67
Copying blob sha256:878ae7980df5522d582f98bc10617b04bfa5a94749dc1a3002007564b7065d08
Copying blob sha256:3a993f04734ee83c5b7136f5aef6b4f039eb312a4cc6192f2f6830c2908ebaa6
Copying blob sha256:839190c74786d1a1df66a4da558592280d31e7412d9e454cdc024659998d68d0
Copying blob sha256:5b15c337464fa8d0dccf07c9be471e9ef937f1909b6069e7ba9439b9452bd395
Copying blob sha256:f45e038d19c0b2b9393c8642893edea575beb8b0fee1e1f0fa406bed4540c60e
Copying blob sha256:155c3d804cd9a509393267df5e63902c86a44e8c336e49cdf2ecef5c73870400
Copying blob sha256:074fcb40d8a5c4a196a504763f48b0769820fa9d84b49a9a959255e4279a4325
Copying blob sha256:4b1fd9c4c207101bf4d6dea3b79e33d3cc86743c8d6dabd6bf4eda881b240705
Copying blob sha256:b8bba8ff39de52dce22be2ef77c6c8f372a8d0d52f0f724e07299fcb773d6056
Copying blob sha256:88383f0b75503d75937837e34781df32ac5ed7c1889d2c28e769d57d9cdfa78b
Copying blob sha256:b7cb729633af99c70bbd0a4f6d263a5ad58bba89fddf7fefb44fcaaf90ea8a8f
Copying config sha256:f2995835029167f78fdea2a7717fb63a645653623bacc320a0fe7d9c6f9508a7
Writing manifest to image destination
Storing signatures
2022/07/06 16:51:58  info unpack layer: sha256:a4a2a29f9ba48efd3d2075f395538b2eec56fb1bedfb7aecf5e54174446f9e2a
2022/07/06 16:51:59  info unpack layer: sha256:127c9761dcbaa288abc58fc56437c2f2ffbe611b9f7f30e0b5b43cd348bb2094
2022/07/06 16:51:59  info unpack layer: sha256:d13bf203e905463e64d89b14509aafa983fb8baf7c1931fe0a65652aeb6c838f
2022/07/06 16:51:59  info unpack layer: sha256:4039240d2e0b4bcb42ccbce75bc54570e471ad81457478de35fbeef63536e9c0
2022/07/06 16:51:59  info unpack layer: sha256:9703ac106ce0b2f616e622d46e3ef6c4b6f96d6eef74f8bf458396711aad7587
2022/07/06 16:51:59  info unpack layer: sha256:11f9d6c8072aefb725e1017669fc4862c3699055128bd2d4d5227923da57920b
2022/07/06 16:52:07  info unpack layer: sha256:9c85fc3ec2c1fe8c21b9d8c0d5348b8e5ffffeabb1bcbb1bdc2aff7d2f8f8948
2022/07/06 16:52:15  info unpack layer: sha256:2b01fd9148c597fcc0cb400c1edb695917a888391ecf090d1437614f2d12f082
2022/07/06 16:52:15  info unpack layer: sha256:e01fa30621474076963a09fedaca90a82a0e4d5c0b445d71593aed36d2537a07
2022/07/06 16:52:23  info unpack layer: sha256:2a8ebf3160afc2c81ace049908c3ef6da705354495397c640ecdc60bcaea74dd
2022/07/06 16:52:23  info unpack layer: sha256:b23ae9e30f8f0b628fa395838e751117a872206b54c9674ba545eeb4fc6feda1
2022/07/06 16:52:24  info unpack layer: sha256:d1be46b5abfdf109c5552f6d21467f5a3db45bd6f911f5dab171d1d973c81a15
2022/07/06 16:52:26  info unpack layer: sha256:aba48cf4c3fc026224fbb3d5b59a96f33bb70673a83beb8e00868d24971f0a33
2022/07/06 16:52:26  info unpack layer: sha256:28362f88ed81d9ac0355a0aab5f331a2239495721c514554cd899ffe0b3fe5e7
2022/07/06 16:52:27  info unpack layer: sha256:0a6835e1c6223f1eb304fe4cb05c58077a13dd738ad3e86f00d80e86a92bb8f8
2022/07/06 16:52:28  info unpack layer: sha256:1dd4f713ddbe973041dd431b12cfe4e44a8620c23e8fd9a9b66da9f2850c2562
2022/07/06 16:52:29  info unpack layer: sha256:8e8b85d7aaa6b9eb48a6d09f8ee695cb1e950f046e0066193502b64e80fe2966
2022/07/06 16:52:29  info unpack layer: sha256:6ceb20ca98fc94bd3c0f2d6f8c73cccc43b98fb0499c930eff4e3ea12e02b67d
2022/07/06 16:52:29  info unpack layer: sha256:2ffe95b5064d2529d15b664bdab77e966b9851436498d192e524b97669b4c3d1
2022/07/06 16:52:29  info unpack layer: sha256:50eba95d1277b2d4eb3b697d6bb45b723e7e1c8ef3018e7b50109e430da19f67
2022/07/06 16:52:29  info unpack layer: sha256:878ae7980df5522d582f98bc10617b04bfa5a94749dc1a3002007564b7065d08
2022/07/06 16:52:35  info unpack layer: sha256:3a993f04734ee83c5b7136f5aef6b4f039eb312a4cc6192f2f6830c2908ebaa6
2022/07/06 16:52:35  info unpack layer: sha256:839190c74786d1a1df66a4da558592280d31e7412d9e454cdc024659998d68d0
2022/07/06 16:52:35  info unpack layer: sha256:5b15c337464fa8d0dccf07c9be471e9ef937f1909b6069e7ba9439b9452bd395
2022/07/06 16:52:36  info unpack layer: sha256:f45e038d19c0b2b9393c8642893edea575beb8b0fee1e1f0fa406bed4540c60e
2022/07/06 16:52:36  info unpack layer: sha256:155c3d804cd9a509393267df5e63902c86a44e8c336e49cdf2ecef5c73870400
2022/07/06 16:52:36  info unpack layer: sha256:074fcb40d8a5c4a196a504763f48b0769820fa9d84b49a9a959255e4279a4325
2022/07/06 16:52:38  info unpack layer: sha256:4b1fd9c4c207101bf4d6dea3b79e33d3cc86743c8d6dabd6bf4eda881b240705
2022/07/06 16:52:38  info unpack layer: sha256:b8bba8ff39de52dce22be2ef77c6c8f372a8d0d52f0f724e07299fcb773d6056
2022/07/06 16:52:38  info unpack layer: sha256:88383f0b75503d75937837e34781df32ac5ed7c1889d2c28e769d57d9cdfa78b
2022/07/06 16:52:40  info unpack layer: sha256:b7cb729633af99c70bbd0a4f6d263a5ad58bba89fddf7fefb44fcaaf90ea8a8f
INFO:    Creating SIF file...
Attaching SeuratObject

Attaching package: ‘dplyr’

The following objects are masked from ‘package:stats’:

    filter, lag

The following objects are masked from ‘package:base’:

    intersect, setdiff, setequal, union


Attaching package: ‘data.table’

The following objects are masked from ‘package:dplyr’:

    between, first, last


Attaching package: ‘arrow’

The following object is masked from ‘package:utils’:

    timestamp


Attaching package: ‘scrattch.bigcat’

The following objects are masked _by_ ‘.GlobalEnv’:

    get_gene_score, select_markers, select_markers_groups,
    select_markers_pair_direction, select_markers_pair_group,
    select_markers_pair_group_top, select_N_markers,
    select_pos_markers, select_top_pos_markers

The following objects are masked from ‘package:scrattch.hicat’:

    adjust_color, angle, avgangle, batch_process, blue.red, build_dend,
    build_train_index, build_train_index_bs, build_tsne, calc_tau,
    check_triplet, clean_group_color, clean_group_id, clean_outliers,
    cleanAnnoyIndex, collect_co_matrix, collect_subsample_cl_matrix,
    combine_cl, combine_finer_split, compare_annotate, compile_cl_mat,
    compute_knn, compute_vg_stats, ComputeSNN, convert_pair_matrix,
    convert_pair_matrix_str, cpm, create_pairs, cutree_dend,
    de_all_pairs, de_genes_pairs_multiple, de_pair_chisq,
    de_pair_fast_limma, de_pair_limma, de_pair_summary, de_pair_t.test,
    de_param, de_selected_pairs, de_stats_pair, dend_lca, dend_list,
    dend_match, DirectSNNToFile, display_cl4, edgeMaker,
    export_de_genes, fast_tsne, FastCov, FastCovMats, FastLogVMR,
    FastRBind, FastSparseRowScale, FastSparseRowScaleWithKnownStats,
    filter_by_size, filter_gene_mod, filter_RD, find_doublet,
    find_doublet_all, find_doublet_by_marker, find_vg, findElbowPoint,
    gene_dispersion, gene_gene_cor_conservation, gene_loess_fit,
    gene_loess_fit_z, gene_means, gene_vars, gene_z, get_beta_score,
    get_cell.cl.co.ratio, get_cl_co_stats, get_cl_df, get_cl_mat,
    get_cl_means, get_cl_means_R, get_cl_medians, get_cl_medians_R,
    get_cl_present, get_cl_prop, get_cl_sigma, get_cl_sim,
    get_cl_sim_multiple, get_cl_sqr_means, get_cl_stats, get_cl_sums,
    get_cl_sums_R, get_cl_vars, get_co_ratio, get_de_genes_sym,
    get_de_matrix, get_de_pair, get_de_score,
    get_de_truncate_score_sum, get_dend_markers,
    get_dend_markers_direction, get_dend_parent, get_eigen,
    get_gene_score, get_knn, get_knn_batch, get_knn_graph,
    get_knn_pairs, get_knn_weight, get_pair_matrix,
    get_pair_matrix_coor, get_pairs, get_PCA, get_RD_cl_center,
    get_row_means, get_row_sums, get_row_vars, get_weighted_means,
    GraphToNeighborHelper, group_specific_markers, harmonize,
    heatmap.3, heatmap.4, i_harmonize, impute_knn, impute_knn_global,
    ImputeKnn, init_cut, iter_clust, iter_clust_merge,
    iter_consensus_clust, jaccard, jaccard_leiden, jaccard_louvain,
    jaccard_louvain.RANN, jet.colors, knn_combine, knn_jaccard,
    knn_jaccard_clust, knn_joint, l2norm, label_dend, lm_matrix,
    lm_normalize, logCPM, LogNorm, map_by_cor, map_cells_knn,
    map_cells_knn_bs, map_cl_summary, map_cv, map_sampling,
    markers_max_tau, markers_tau_one_vs_other, match_cl, merge_cl,
    merge_cl_by_co, merge_cl_multiple, multiplot, mybgplot3d, null_de,
    onestep_clust, pair_cor, pass_louvain, PCA_umap, perp, perpEnd,
    perpMid, perpStart, plot_2d_select, plot_2d_umap_anno,
    plot_3d_label, plot_3d_label_multiple, plot_3d_select,
    plot_3d_umap_anno, plot_3d_val, plot_cell_cl_co_matrix,
    plot_cl_heatmap4, plot_co_matrix, plot_constellation,
    plot_de_lfc_num, plot_de_num, plot_dend, plot_doublet, plot_low_qc,
    plot_pair_matrix, plot_RD_cl, plot_RD_cl_subset, plot_RD_gene,
    plot_RD_meta, plot_tsne_cl, plot_tSNE_gene, plot_tSNE_meta,
    plot_umap_constellation, plot_vg, predict_annotate_cor,
    predict_knn, prune_dend, pvclust_show_signif_gradient,
    rcpp_get_cl_means, rcpp_get_cl_means_dense,
    rcpp_get_cl_means_RcppParallel,
    rcpp_get_cl_means_RcppParallel_dense,
    rcpp_get_cl_means_RcppParallel_transpose,
    rcpp_get_cl_means_RcppParallel_transpose_dense,
    rcpp_get_cl_means_transpose, rcpp_get_cl_means_transpose_dense,
    rcpp_get_cl_medians, rcpp_get_cl_medians_dense,
    rcpp_get_cl_medians_RcppParallel,
    rcpp_get_cl_medians_RcppParallel_dense,
    rcpp_get_cl_medians_RcppParallel_transpose,
    rcpp_get_cl_medians_RcppParallel_transpose_dense,
    rcpp_get_cl_medians_transpose, rcpp_get_cl_medians_transpose_dense,
    rcpp_get_cl_present, rcpp_get_cl_present_dense,
    rcpp_get_cl_present_RcppParallel,
    rcpp_get_cl_present_RcppParallel_dense,
    rcpp_get_cl_present_RcppParallel_transpose,
    rcpp_get_cl_present_RcppParallel_transpose_dense,
    rcpp_get_cl_present_transpose, rcpp_get_cl_present_transpose_dense,
    rcpp_get_cl_sqr_means, rcpp_get_cl_sqr_means_dense,
    rcpp_get_cl_sqr_means_RcppParallel,
    rcpp_get_cl_sqr_means_RcppParallel_dense,
    rcpp_get_cl_sqr_means_RcppParallel_transpose,
    rcpp_get_cl_sqr_means_RcppParallel_transpose_dense,
    rcpp_get_cl_sqr_means_transpose,
    rcpp_get_cl_sqr_means_transpose_dense, rcpp_get_cl_sqr_sums,
    rcpp_get_cl_sqr_sums_dense, rcpp_get_cl_sqr_sums_RcppParallel,
    rcpp_get_cl_sqr_sums_RcppParallel_dense,
    rcpp_get_cl_sqr_sums_RcppParallel_transpose,
    rcpp_get_cl_sqr_sums_RcppParallel_transpose_dense,
    rcpp_get_cl_sqr_sums_transpose,
    rcpp_get_cl_sqr_sums_transpose_dense, rcpp_get_cl_sums,
    rcpp_get_cl_sums_dense, rcpp_get_cl_sums_RcppParallel,
    rcpp_get_cl_sums_RcppParallel_dense,
    rcpp_get_cl_sums_RcppParallel_transpose,
    rcpp_get_cl_sums_RcppParallel_transpose_dense,
    rcpp_get_cl_sums_transpose, rcpp_get_cl_sums_transpose_dense,
    rd_PCA, rd_Rumap, rd_WGCNA, refine_cl, reorder_cl, reorder_dend,
    ReplaceColsC, rescale_samples, reset_dend_label, RowMergeMatrices,
    RowMergeMatricesList, RowVar, run_consensus_clust,
    run_iter_clust_merge, sample_cells, sample_cl_list,
    sample_sets_list, score_gene_mod, select_joint_genes,
    select_markers, select_markers_groups, select_markers_pair,
    select_markers_pair_direction, select_markers_pair_group,
    select_markers_pair_group_top, select_N_markers,
    select_pos_markers, select_top_pos_markers, set_pair_matrix,
    sim_knn, simple_ebayes, simple_lmFit, sparse_cor, SparseRowMean,
    SparseRowVar, SparseRowVar2, SparseRowVarStd, standardize,
    Standardize, test_merge, top_loading_genes, umap_param,
    unbranch_by_conf, unbranch_by_length, varibow, vec_chisq_test,
    within_group_specific_markers, WriteEdgeFile, z_score

Warning messages:
1: package ‘ggplot2’ was built under R version 4.0.5 
2: package ‘Matrix’ was built under R version 4.0.5 
3: package ‘dplyr’ was built under R version 4.0.5 
4: package ‘data.table’ was built under R version 4.0.5 
5: package ‘arrow’ was built under R version 4.0.5 
6: package ‘scrattch.bigcat’ was built under R version 4.0.5 
Loading required package: foreach
Loading required package: iterators
Loading required package: parallel
`summarise()` has grouped output by 'sample_id'. You can override using the
`.groups` argument.
`summarise()` has grouped output by 'sample_id'. You can override using the
`.groups` argument.
`summarise()` has grouped output by 'sample_id'. You can override using the
`.groups` argument.
`summarise()` has grouped output by 'sample_id'. You can override using the
`.groups` argument.
`summarise()` has grouped output by 'sample_id'. You can override using the
`.groups` argument.
`summarise()` has grouped output by 'sample_id'. You can override using the
`.groups` argument.
`summarise()` has grouped output by 'sample_id'. You can override using the
`.groups` argument.
Error in obj[, start:end] : subscript out of bounds
Calls: run_large_mapping
In addition: Warning messages:
1: package ‘bigstatsr’ was built under R version 4.0.5 
2: package ‘doMC’ was built under R version 4.0.5 
3: package ‘foreach’ was built under R version 4.0.5 
4: package ‘iterators’ was built under R version 4.0.5 
5: package ‘BiocNeighbors’ was built under R version 4.0.5 
Execution halted
